    K10_LDM_torqOLCtrlerTableY    
        K10_LDM_aOLCtrlerTableX
K_LDM_coDecelCtrlCl2OlLim 

K_LDM_coDecelCtrlHigh2LowLim 

K_LDM_coDecelCtrlLow2HighLim 

K_LDM_coDecelCtrlOl2ClLim 

K_LDM_coDecelParalCtrlCST_I 

K_LDM_coDecelParalCtrlCST_P 

K_LDM_coDecelParalCtrlEbrSB_I 

K_LDM_coDecelParalCtrlEbrSB_P 

K_LDM_coDecelParalCtrlHighSpd_I 

K_LDM_coDecelParalCtrlHighSpd_P 

K_LDM_coDecelParalCtrlLowSpd_I 

K_LDM_coDecelParalCtrlLowSpd_P 

K_LDM_torqDecelClsCtrlerLowLim 

K_LDM_torqDecelClsCtrlerUpLim 

K_LDM_torqDecelCtrlerLowLim 

K_LDM_torqDecelCtrlerUpLim 

K_LDM_torqOLCtrlerLowLim 

K_LDM_torqOLCtrlerUpLim 

K_LDM_blClsLoopCtrlEnable_bl 

V_LDM_torqDecelCtrlerOut_f32
V_LDM_aCtrlErr_f32
V_LDM_coCtrlerPCoeff_f32
V_LDM_coCtrlerICoeff_f32
V_LDM_aCtrlerSetpoint_f32
V_LDM_vldDecelCtrlerOutVD_bl
V_LDM_stBrkSrcMode_en
V_LDM_stCtrlMode_en
V_LDM_stBrkArbMode_en
